<?xml version="1.0" encoding="UTF-8"?>
<!-- Generated by org.testng.reporters.JUnitReportReporter -->
<testsuite hostname="WKSPUN05GTR0522" failures="0" tests="1" name="com.booksWagon.runners.TestRunner" time="421.831" errors="0" timestamp="2025-05-25T17:01:50 IST" skipped="0">
  <testcase classname="com.booksWagon.runners.TestRunner" name="runScenario" time="421.831"/>
</testsuite> <!-- com.booksWagon.runners.TestRunner -->
