<?xml version="1.0" encoding="UTF-8"?>
<!-- Generated by org.testng.reporters.JUnitReportReporter -->
<testsuite hostname="WKSPUN05GTR0522" failures="0" tests="1" name="com.booksWagon.runners.TestRunner" time="261.978" errors="0" timestamp="2025-05-24T17:46:41 IST" skipped="0">
  <testcase classname="com.booksWagon.runners.TestRunner" name="runScenario" time="261.978"/>
</testsuite> <!-- com.booksWagon.runners.TestRunner -->
